<?xml version="1.0" encoding="UTF-8"?>
<!-- Generated by org.testng.reporters.JUnitXMLReporter -->
<testsuite hostname="NavyaShreeR" name="Default test" tests="9" failures="0" timestamp="6 May 2018 16:34:02 GMT" time="141.05" errors="0">
  <testcase name="launchURL" time="56.761" classname="com.accenture.skill.test.TestAccenture01"/>
  <testcase name="searchBox" time="22.92" classname="com.accenture.skill.test.TestAccenture01"/>
  <testcase name="selectHome" time="16.334" classname="com.accenture.skill.test.TestAccenture01"/>
  <testcase name="clickMoreFilters" time="4.763" classname="com.accenture.skill.test.TestAccenture01"/>
  <testcase name="kitchenCheckbox" time="3.686" classname="com.accenture.skill.test.TestAccenture01"/>
  <testcase name="showHomes" time="0.22" classname="com.accenture.skill.test.TestAccenture01"/>
  <testcase name="clickPrice" time="6.926" classname="com.accenture.skill.test.TestAccenture01"/>
  <testcase name="setLowerPrice" time="12.224" classname="com.accenture.skill.test.TestAccenture01"/>
  <testcase name="verifyTopHomes" time="10.532" classname="com.accenture.skill.test.TestAccenture01"/>
</testsuite> <!-- Default test -->
