<?xml version="1.0" encoding="UTF-8"?>
<!-- Generated by org.testng.reporters.JUnitXMLReporter -->
<testsuite hostname="NavyaShreeR" name="Test" tests="9" failures="0" timestamp="6 May 2018 16:53:57 GMT" time="154.886" errors="0">
  <testcase name="launchURL" time="74.966" classname="com.accenture.skill.test.TestAccenture01"/>
  <testcase name="searchBox" time="24.914" classname="com.accenture.skill.test.TestAccenture01"/>
  <testcase name="selectHome" time="6.14" classname="com.accenture.skill.test.TestAccenture01"/>
  <testcase name="clickMoreFilters" time="4.866" classname="com.accenture.skill.test.TestAccenture01"/>
  <testcase name="kitchenCheckbox" time="3.871" classname="com.accenture.skill.test.TestAccenture01"/>
  <testcase name="showHomes" time="0.954" classname="com.accenture.skill.test.TestAccenture01"/>
  <testcase name="clickPrice" time="11.485" classname="com.accenture.skill.test.TestAccenture01"/>
  <testcase name="setLowerPrice" time="10.571" classname="com.accenture.skill.test.TestAccenture01"/>
  <testcase name="verifyTopHomes" time="10.634" classname="com.accenture.skill.test.TestAccenture01"/>
</testsuite> <!-- Test -->
